{"level":"info","message":"timestamp:Sun Jan 28 2024 14:50:00 GMT+0530 (India Standard Time), requestUrl:/api/doctors/register, statusCode:11000), mssage:{err.message}","service":"request-logging"}
{"level":"info","message":"timestamp:Sun Jan 28 2024 14:51:45 GMT+0530 (India Standard Time), requestUrl:/api/doctors/register, statusCode:11000), mssage:E11000 duplicate key error collection: Hospital.users index: mobile_1 dup key: { mobile: 9359799245.0 }","service":"request-logging"}
{"level":"info","message":"timestamp:Sun Jan 28 2024 14:52:54 GMT+0530 (India Standard Time), requestUrl:/api/doctors/register, statusCode:undefined), mssage:ApplicationError is not defined","service":"request-logging"}
{"level":"info","message":"timestamp:Sun Jan 28 2024 14:55:09 GMT+0530 (India Standard Time), requestUrl:/api/doctors/register, statusCode:11000), mssage:E11000 duplicate key error collection: Hospital.users index: mobile_1 dup key: { mobile: 9359799245.0 }","service":"request-logging"}
{"level":"info","message":"timestamp:Sun Jan 28 2024 14:55:31 GMT+0530 (India Standard Time), requestUrl:/api/doctors/register, statusCode:11000), mssage:E11000 duplicate key error collection: Hospital.users index: mobile_1 dup key: { mobile: 9359799245.0 }","service":"request-logging"}
{"level":"info","message":"timestamp:Sun Jan 28 2024 15:08:41 GMT+0530 (India Standard Time), requestUrl:/api/doctors/register, statusCode:undefined), mssage:User validation failed: name: Provide user name","service":"request-logging"}
{"level":"error","message":"timestamp:Sun Jan 28 2024 15:26:51 GMT+0530 (India Standard Time), requestUrl:/api/doctors/login, statusCode:400), mssage:Credentials Invalid","service":"request-logging"}
{"level":"info","message":"timestamp:Sun Jan 28 2024 15:27:14 GMT+0530 (India Standard Time), requestUrl:/api/doctors/register, statusCode:undefined), mssage:User validation failed: password: Provide password","service":"request-logging"}
{"level":"info","message":"timestamp:Sun Jan 28 2024 15:27:30 GMT+0530 (India Standard Time), requestUrl:/api/doctors/register, statusCode:undefined), mssage:User validation failed: password: Provide password","service":"request-logging"}
{"level":"info","message":"timestamp:Sun Jan 28 2024 15:30:00 GMT+0530 (India Standard Time), requestUrl:/api/doctors/register, statusCode:undefined), mssage:User validation failed: password: Provide password","service":"request-logging"}
{"level":"info","message":"timestamp:Sun Jan 28 2024 15:31:06 GMT+0530 (India Standard Time), requestUrl:/api/doctors/register, statusCode:undefined), mssage:User validation failed: password: Provide password","service":"request-logging"}
{"level":"error","message":"timestamp:Sun Jan 28 2024 15:32:48 GMT+0530 (India Standard Time), requestUrl:/api/doctors/login, statusCode:400), mssage:Credentials Invalid","service":"request-logging"}
{"level":"error","message":"timestamp:Sun Jan 28 2024 15:33:38 GMT+0530 (India Standard Time), requestUrl:/api/doctors/login, statusCode:400), mssage:Credentials Invalid","service":"request-logging"}
{"level":"error","message":"timestamp:Sun Jan 28 2024 15:38:22 GMT+0530 (India Standard Time), requestUrl:/api/doctors/login, statusCode:400), mssage:Password is incorrect","service":"request-logging"}
{"level":"info","message":"timestamp:Sun Jan 28 2024 18:31:24 GMT+0530 (India Standard Time), requestUrl:/api/patients/register, statusCode:11000), mssage:E11000 duplicate key error collection: Hospital.users index: mobile_1 dup key: { mobile: 9359799245.0 }","service":"request-logging"}
{"level":"info","message":"timestamp:Sun Jan 28 2024 18:45:17 GMT+0530 (India Standard Time), requestUrl:/api/doctors/register, statusCode:11000), mssage:E11000 duplicate key error collection: Hospital.users index: mobile_1 dup key: { mobile: null }","service":"request-logging"}
{"level":"info","message":"timestamp:Sun Jan 28 2024 18:47:26 GMT+0530 (India Standard Time), requestUrl:/api/patients/register, statusCode:undefined), mssage:data and salt arguments required","service":"request-logging"}
{"level":"info","message":"timestamp:Sun Jan 28 2024 18:47:56 GMT+0530 (India Standard Time), requestUrl:/api/patients/register, statusCode:undefined), mssage:data and salt arguments required","service":"request-logging"}
{"level":"info","message":"timestamp:Sun Jan 28 2024 18:49:13 GMT+0530 (India Standard Time), requestUrl:/api/patients/register, statusCode:undefined), mssage:data and salt arguments required","service":"request-logging"}
{"level":"info","message":"timestamp:Sun Jan 28 2024 18:50:21 GMT+0530 (India Standard Time), requestUrl:/api/patients/register, statusCode:undefined), mssage:data and salt arguments required","service":"request-logging"}
{"level":"info","message":"timestamp:Sun Jan 28 2024 18:51:14 GMT+0530 (India Standard Time), requestUrl:/api/patients/register, statusCode:undefined), mssage:data and salt arguments required","service":"request-logging"}
{"level":"info","message":"timestamp:Sun Jan 28 2024 18:52:02 GMT+0530 (India Standard Time), requestUrl:/api/patients/register, statusCode:undefined), mssage:data and salt arguments required","service":"request-logging"}
{"level":"info","message":"timestamp:Sun Jan 28 2024 18:56:50 GMT+0530 (India Standard Time), requestUrl:/api/patients/register, statusCode:undefined), mssage:User validation failed: type: The user type is required; it must be either 'Doctor' or 'Patient' ","service":"request-logging"}
{"level":"info","message":"timestamp:Sun Jan 28 2024 18:57:58 GMT+0530 (India Standard Time), requestUrl:/api/patients/register, statusCode:undefined), mssage:User validation failed: type: The user type is required; it must be either 'Doctor' or 'Patient' ","service":"request-logging"}
{"level":"info","message":"timestamp:Sun Jan 28 2024 19:30:56 GMT+0530 (India Standard Time), requestUrl:/api/patients/register, statusCode:11000), mssage:E11000 duplicate key error collection: Hospital.users index: mobile_1 dup key: { mobile: 7620221172.0 }","service":"request-logging"}
{"level":"info","message":"timestamp:Sun Jan 28 2024 22:25:34 GMT+0530 (India Standard Time), requestUrl:/api/patients/65b65c7306e0446484c27dd0/create_report, statusCode:undefined), mssage:Report validation failed: doctorId: Doctor userId is required, doctorname: Doctor name is required, status: patient status is required, it must be one of 'Negative', 'Travelled-Quarantine', 'Symptoms-Quarantine' or 'Positive-Admit'","service":"request-logging"}
{"level":"info","message":"timestamp:Sun Jan 28 2024 22:33:34 GMT+0530 (India Standard Time), requestUrl:/api/patients/65b65c7306e0446484c27dd0/create_report, statusCode:undefined), mssage:Cannot read properties of undefined (reading 'push')","service":"request-logging"}
{"level":"info","message":"timestamp:Sun Jan 28 2024 22:35:51 GMT+0530 (India Standard Time), requestUrl:/api/patients/65b65c7306e0446484c27dd0/create_report, statusCode:undefined), mssage:Cannot read properties of undefined (reading 'push')","service":"request-logging"}
{"level":"info","message":"timestamp:Sun Jan 28 2024 22:39:01 GMT+0530 (India Standard Time), requestUrl:/api/patients/65b65c7306e0446484c27dd0/create_report, statusCode:undefined), mssage:Cannot read properties of undefined (reading 'push')","service":"request-logging"}
{"level":"error","message":"timestamp:Mon Jan 29 2024 11:25:53 GMT+0530 (India Standard Time), requestUrl:/api/patients/65b65c7306e0446484c27dd1/all_report, statusCode:200), mssage:The Patient Reports are not available","service":"request-logging"}
{"level":"error","message":"timestamp:Mon Jan 29 2024 11:37:21 GMT+0530 (India Standard Time), requestUrl:/api/reports/:Negative, statusCode:200), mssage:The Given status reports are not availabel","service":"request-logging"}
{"level":"error","message":"timestamp:Mon Jan 29 2024 11:38:05 GMT+0530 (India Standard Time), requestUrl:/api/reports/Positive-Admit], statusCode:200), mssage:The Given status reports are not availabel","service":"request-logging"}
{"level":"info","message":"timestamp:Sun Feb 11 2024 16:19:52 GMT+0530 (India Standard Time), requestUrl:/api/doctors/register, statusCode:11000), mssage:E11000 duplicate key error collection: Hospital.users index: mobile_1 dup key: { mobile: null }","service":"request-logging"}
{"level":"info","message":"timestamp:Sun Feb 11 2024 16:25:03 GMT+0530 (India Standard Time), requestUrl:/api/doctors/register, statusCode:11000), mssage:E11000 duplicate key error collection: Hospital.users index: mobile_1 dup key: { mobile: null }","service":"request-logging"}
{"level":"info","message":"timestamp:Sun Feb 11 2024 16:25:32 GMT+0530 (India Standard Time), requestUrl:/api/doctors/register, statusCode:11000), mssage:E11000 duplicate key error collection: Hospital.users index: mobile_1 dup key: { mobile: null }","service":"request-logging"}
{"level":"info","message":"timestamp:Sun Feb 11 2024 16:32:27 GMT+0530 (India Standard Time), requestUrl:/api/doctors/register, statusCode:11000), mssage:E11000 duplicate key error collection: Hospital.users index: mobile_1 dup key: { mobile: 9359799245.0 }","service":"request-logging"}
{"level":"info","message":"timestamp:Sun Feb 11 2024 16:34:29 GMT+0530 (India Standard Time), requestUrl:/api/doctors/register, statusCode:11000), mssage:E11000 duplicate key error collection: Hospital.users index: mobile_1 dup key: { mobile: 9359799245.0 }","service":"request-logging"}
{"level":"error","message":"timestamp:Sun Feb 11 2024 16:35:42 GMT+0530 (India Standard Time), requestUrl:/api/doctors/login, statusCode:400), mssage:Invalid username","service":"request-logging"}
{"level":"error","message":"timestamp:Sun Feb 11 2024 16:36:22 GMT+0530 (India Standard Time), requestUrl:/api/patients/65b65c7306e0446484c27dd1/all_report, statusCode:200), mssage:The Patient Reports are not available","service":"request-logging"}
{"level":"error","message":"timestamp:Sun Feb 11 2024 16:37:15 GMT+0530 (India Standard Time), requestUrl:/api/patients/65b65c7306e0446484c27dd1/all_report, statusCode:200), mssage:The Patient Reports are not available","service":"request-logging"}
{"level":"error","message":"timestamp:Sun Feb 11 2024 19:05:23 GMT+0530 (India Standard Time), requestUrl:/api/patients/65b65c7306e0446484c27dd1/all_report, statusCode:200), mssage:The Patient Reports are not available","service":"request-logging"}
{"level":"info","message":"timestamp:Sun Feb 11 2024 19:17:50 GMT+0530 (India Standard Time), requestUrl:/api/doctors/register, statusCode:11000), mssage:E11000 duplicate key error collection: Hospital.users index: mobile_1 dup key: { mobile: 9359799245.0 }","service":"request-logging"}
{"level":"info","message":"timestamp:Sun Feb 11 2024 19:19:00 GMT+0530 (India Standard Time), requestUrl:/api/patients/65b65c7306e0446484c27dd0/create_report, statusCode:undefined), mssage:Report validation failed: status: patient status is required, it must be one of 'Negative', 'Travelled-Quarantine', 'Symptoms-Quarantine' or 'Positive-Admit'","service":"request-logging"}
{"level":"info","message":"timestamp:Sun Feb 11 2024 19:22:55 GMT+0530 (India Standard Time), requestUrl:/api/patients/65b65c7306e0446484c27dd0/create_report, statusCode:undefined), mssage:Report validation failed: status: patient status is required, it must be one of 'Negative', 'Travelled-Quarantine', 'Symptoms-Quarantine' or 'Positive-Admit'","service":"request-logging"}
{"level":"info","message":"timestamp:Sun Feb 11 2024 19:23:36 GMT+0530 (India Standard Time), requestUrl:/api/patients/65b65c7306e0446484c27dd0/create_report, statusCode:undefined), mssage:Cannot read properties of null (reading 'reports')","service":"request-logging"}
{"level":"info","message":"timestamp:Sun Feb 11 2024 19:23:55 GMT+0530 (India Standard Time), requestUrl:/api/patients/65b65c7306e0446484c27dd0/create_report, statusCode:undefined), mssage:Cannot read properties of null (reading 'reports')","service":"request-logging"}
{"level":"info","message":"timestamp:Mon Feb 12 2024 15:50:57 GMT+0530 (India Standard Time), requestUrl:/api/doctors/register, statusCode:11000), mssage:E11000 duplicate key error collection: Hospital.users index: mobile_1 dup key: { mobile: 9359799245.0 }","service":"request-logging"}
{"level":"info","message":"timestamp:Mon Feb 12 2024 15:51:21 GMT+0530 (India Standard Time), requestUrl:/api/patients/register, statusCode:undefined), mssage:Assignment to constant variable.","service":"request-logging"}
{"level":"info","message":"timestamp:Mon Feb 12 2024 15:55:57 GMT+0530 (India Standard Time), requestUrl:/api/patients/65b65c7306e0446484c27dd0/create_report, statusCode:undefined), mssage:Cannot read properties of null (reading 'reports')","service":"request-logging"}
{"level":"info","message":"timestamp:Mon Feb 12 2024 16:08:02 GMT+0530 (India Standard Time), requestUrl:/api/doctors/register, statusCode:11000), mssage:E11000 duplicate key error collection: Hospital.users index: mobile_1 dup key: { mobile: 9359799245.0 }","service":"request-logging"}
{"level":"info","message":"timestamp:Mon Feb 12 2024 16:13:41 GMT+0530 (India Standard Time), requestUrl:/api/doctors/register, statusCode:11000), mssage:E11000 duplicate key error collection: Hospital.users index: mobile_1 dup key: { mobile: 9359799245.0 }","service":"request-logging"}
{"level":"info","message":"timestamp:Mon Feb 12 2024 16:13:59 GMT+0530 (India Standard Time), requestUrl:/api/doctors/register, statusCode:11000), mssage:E11000 duplicate key error collection: Hospital.users index: mobile_1 dup key: { mobile: 9359799245.0 }","service":"request-logging"}
{"level":"info","message":"timestamp:Mon Feb 12 2024 16:16:21 GMT+0530 (India Standard Time), requestUrl:/api/doctors/register, statusCode:11000), mssage:E11000 duplicate key error collection: Hospital.users index: mobile_1 dup key: { mobile: 9359799245.0 }","service":"request-logging"}
{"level":"info","message":"timestamp:Mon Feb 12 2024 16:17:08 GMT+0530 (India Standard Time), requestUrl:/api/doctors/register, statusCode:11000), mssage:E11000 duplicate key error collection: Hospital.users index: mobile_1 dup key: { mobile: 9359799245.0 }","service":"request-logging"}
{"level":"info","message":"timestamp:Mon Feb 12 2024 16:18:00 GMT+0530 (India Standard Time), requestUrl:/api/doctors/register, statusCode:11000), mssage:E11000 duplicate key error collection: Hospital.users index: mobile_1 dup key: { mobile: 9359799245.0 }","service":"request-logging"}
{"level":"info","message":"timestamp:Mon Feb 12 2024 16:18:15 GMT+0530 (India Standard Time), requestUrl:/api/doctors/register, statusCode:11000), mssage:E11000 duplicate key error collection: Hospital.users index: mobile_1 dup key: { mobile: 9359799245.0 }","service":"request-logging"}
{"level":"info","message":"timestamp:Mon Feb 12 2024 16:20:03 GMT+0530 (India Standard Time), requestUrl:/api/doctors/register, statusCode:11000), mssage:E11000 duplicate key error collection: Hospital.users index: mobile_1 dup key: { mobile: 9359799245.0 }","service":"request-logging"}
{"level":"info","message":"timestamp:Mon Feb 12 2024 16:30:08 GMT+0530 (India Standard Time), requestUrl:/api/doctors/register, statusCode:11000), mssage:E11000 duplicate key error collection: Hospital.users index: mobile_1 dup key: { mobile: 9359799245.0 }","service":"request-logging"}
{"level":"info","message":"timestamp:Mon Feb 12 2024 16:33:26 GMT+0530 (India Standard Time), requestUrl:/api/doctors/register, statusCode:11000), mssage:E11000 duplicate key error collection: Hospital.users index: mobile_1 dup key: { mobile: 9359799245.0 }","service":"request-logging"}
{"level":"error","message":"timestamp:Mon Feb 12 2024 18:23:33 GMT+0530 (India Standard Time), requestUrl:/api/reports/Postitve-Admit, statusCode:200), mssage:The Given status reports are not availabel","service":"request-logging"}
